# JRE version: Java(TM) SE Runtime Environment (7.0_67-b01) (build 1.7.0_67-b01)
# Java VM: Java HotSpot(TM) 64-Bit Server VM (24.65-b04 mixed mode bsd-amd64 compressed oops)
Heap
 PSYoungGen      total 76800K, used 76785K [0x00000007eaa80000, 0x00000007f0000000, 0x0000000800000000)
  eden space 66048K, 100% used [0x00000007eaa80000,0x00000007eeb00000,0x00000007eeb00000)
  from space 10752K, 99% used [0x00000007ef580000,0x00000007efffc4e0,0x00000007f0000000)
  to   space 10752K, 99% used [0x00000007eeb00000,0x00000007ef579260,0x00000007ef580000)
 ParOldGen       total 174592K, used 14950K [0x00000007c0000000, 0x00000007caa80000, 0x00000007eaa80000)
  object space 174592K, 8% used [0x00000007c0000000,0x00000007c0e99a58,0x00000007caa80000)
 PSPermGen       total 21504K, used 7069K [0x00000007bae00000, 0x00000007bc300000, 0x00000007c0000000)
  object space 21504K, 32% used [0x00000007bae00000,0x00000007bb4e7410,0x00000007bc300000)
GC Heap History (5 events):
Event: 1.478 GC heap before
{Heap before GC invocations=1 (full 0):
 PSYoungGen      total 76800K, used 66048K [0x00000007eaa80000, 0x00000007f0000000, 0x0000000800000000)
  eden space 66048K, 100% used [0x00000007eaa80000,0x00000007eeb00000,0x00000007eeb00000)
  from space 10752K, 0% used [0x00000007ef580000,0x00000007ef580000,0x00000007f0000000)
  to   space 10752K, 0% used [0x00000007eeb00000,0x00000007eeb00000,0x00000007ef580000)
 ParOldGen       total 174592K, used 0K [0x00000007c0000000, 0x00000007caa80000, 0x00000007eaa80000)
  object space 174592K, 0% used [0x00000007c0000000,0x00000007c0000000,0x00000007caa80000)
 PSPermGen       total 21504K, used 5214K [0x00000007bae00000, 0x00000007bc300000, 0x00000007c0000000)
  object space 21504K, 24% used [0x00000007bae00000,0x00000007bb3178c0,0x00000007bc300000)
Event: 1.487 GC heap after
Heap after GC invocations=1 (full 0):
 PSYoungGen      total 76800K, used 10720K [0x00000007eaa80000, 0x00000007f0000000, 0x0000000800000000)
  eden space 66048K, 0% used [0x00000007eaa80000,0x00000007eaa80000,0x00000007eeb00000)
  from space 10752K, 99% used [0x00000007eeb00000,0x00000007ef578028,0x00000007ef580000)
  to   space 10752K, 0% used [0x00000007ef580000,0x00000007ef580000,0x00000007f0000000)
 ParOldGen       total 174592K, used 2518K [0x00000007c0000000, 0x00000007caa80000, 0x00000007eaa80000)
  object space 174592K, 1% used [0x00000007c0000000,0x00000007c0275b80,0x00000007caa80000)
 PSPermGen       total 21504K, used 5214K [0x00000007bae00000, 0x00000007bc300000, 0x00000007c0000000)
  object space 21504K, 24% used [0x00000007bae00000,0x00000007bb3178c0,0x00000007bc300000)
}
Event: 2.334 GC heap before
{Heap before GC invocations=2 (full 0):
 PSYoungGen      total 76800K, used 76768K [0x00000007eaa80000, 0x00000007f0000000, 0x0000000800000000)
  eden space 66048K, 100% used [0x00000007eaa80000,0x00000007eeb00000,0x00000007eeb00000)
  from space 10752K, 99% used [0x00000007eeb00000,0x00000007ef578028,0x00000007ef580000)
  to   space 10752K, 0% used [0x00000007ef580000,0x00000007ef580000,0x00000007f0000000)
 ParOldGen       total 174592K, used 2518K [0x00000007c0000000, 0x00000007caa80000, 0x00000007eaa80000)
  object space 174592K, 1% used [0x00000007c0000000,0x00000007c0275b80,0x00000007caa80000)
 PSPermGen       total 21504K, used 6938K [0x00000007bae00000, 0x00000007bc300000, 0x00000007c0000000)
  object space 21504K, 32% used [0x00000007bae00000,0x00000007bb4c6870,0x00000007bc300000)
Event: 2.344 GC heap after
Heap after GC invocations=2 (full 0):
 PSYoungGen      total 76800K, used 10737K [0x00000007eaa80000, 0x00000007f0000000, 0x0000000800000000)
  eden space 66048K, 0% used [0x00000007eaa80000,0x00000007eaa80000,0x00000007eeb00000)
  from space 10752K, 99% used [0x00000007ef580000,0x00000007efffc4e0,0x00000007f0000000)
  to   space 10752K, 0% used [0x00000007eeb00000,0x00000007eeb00000,0x00000007ef580000)
 ParOldGen       total 174592K, used 12797K [0x00000007c0000000, 0x00000007caa80000, 0x00000007eaa80000)
  object space 174592K, 7% used [0x00000007c0000000,0x00000007c0c7f730,0x00000007caa80000)
 PSPermGen       total 21504K, used 6938K [0x00000007bae00000, 0x00000007bc300000, 0x00000007c0000000)
  object space 21504K, 32% used [0x00000007bae00000,0x00000007bb4c6870,0x00000007bc300000)
}
Event: 2.613 GC heap before
{Heap before GC invocations=3 (full 0):
 PSYoungGen      total 76800K, used 76785K [0x00000007eaa80000, 0x00000007f0000000, 0x0000000800000000)
  eden space 66048K, 100% used [0x00000007eaa80000,0x00000007eeb00000,0x00000007eeb00000)
  from space 10752K, 99% used [0x00000007ef580000,0x00000007efffc4e0,0x00000007f0000000)
  to   space 10752K, 0% used [0x00000007eeb00000,0x00000007eeb00000,0x00000007ef580000)
 ParOldGen       total 174592K, used 12797K [0x00000007c0000000, 0x00000007caa80000, 0x00000007eaa80000)
  object space 174592K, 7% used [0x00000007c0000000,0x00000007c0c7f730,0x00000007caa80000)
 PSPermGen       total 21504K, used 7069K [0x00000007bae00000, 0x00000007bc300000, 0x00000007c0000000)
  object space 21504K, 32% used [0x00000007bae00000,0x00000007bb4e7410,0x00000007bc300000)

